Launcher3/proguard/seeds.txt
com.hanceedu.common.widget.ButtonGroupLayout: void setOnItemClickListener(com.hanceedu.common.widget.ButtonGroupLayout$OnItemClickListener)
com.hanceedu.common.widget.ButtonGroupLayout: void setCurrentPart(int)
com.hanceedu.common.widget.ButtonGroupLayout: void setDrawableResIds(int[])
com.hanceedu.common.widget.ButtonGroupLayout: void setClickPart(int)
com.hanceedu.common.widget.CQuestionView: void setQuestion(byte[])
com.hanceedu.common.widget.CQuestionView: void setAnswer(byte[])
com.hanceedu.common.widget.CQuestionView: void setContent(byte[])
com.hanceedu.common.widget.CQuestionView: void setWritingContent(byte[])
com.hanceedu.common.widget.CTextView: void setGravity(int)
com.hanceedu.common.widget.KeyboardByMap$1: void onClick(java.lang.String)
com.hanceedu.common.widget.Keys
com.hanceedu.common.widget.Keys: Keys(android.content.Context,android.util.AttributeSet,int)
com.hanceedu.common.widget.Keys: Keys(android.content.Context,android.util.AttributeSet)
com.hanceedu.common.widget.Keys: void setOnClickListener(com.hanceedu.common.widget.Keys$OnClickListener)
com.hanceedu.common.widget.Keys$OnClickListener: void onClick(java.lang.String)
com.hanceedu.common.widget.NumberInputDialog$_OnClickListener: void onClick(android.view.View)
com.hanceedu.common.widget.PageNavi: void setPageNaviListener(com.hanceedu.common.widget.PageNavi$PageNaviListener)
com.hanceedu.common.widget.PageNavi: void setPageTotal(int)
com.hanceedu.common.widget.PageNavi: void setPageNo(int)
com.hanceedu.common.widget.PageNavi: int getPageTotal()
com.hanceedu.common.widget.PageNavi$1: void onClick(android.view.View)
com.hanceedu.common.widget.SeekBarDialog$2: void onClick(android.content.DialogInterface,int)
com.hanceedu.common.widget.SeekBarDialog$3: void onClick(android.content.DialogInterface,int)
com.hanceedu.common.widget.WorkspaceIndicator: void setScreenCount(int)
com.hanceedu.common.widget.WorkspaceIndicator: void setGotoScreenListener(com.hanceedu.common.widget.WorkspaceIndicator$GotoScreenListener)
org.apache.http.ConnectionClosedException
org.apache.http.ConnectionClosedException: ConnectionClosedException(java.lang.String)
org.apache.http.ConnectionReuseStrategy
org.apache.http.ConnectionReuseStrategy: boolean keepAlive(org.apache.http.HttpResponse,org.apache.http.protocol.HttpContext)
org.apache.http.FormattedHeader
org.apache.http.FormattedHeader: org.apache.http.util.CharArrayBuffer getBuffer()
org.apache.http.FormattedHeader: int getValuePos()
org.apache.http.Header
org.apache.http.Header: java.lang.String getName()
org.apache.http.Header: java.lang.String getValue()
org.apache.http.Header: org.apache.http.HeaderElement[] getElements()
org.apache.http.HeaderElement
org.apache.http.HeaderElement: java.lang.String getName()
org.apache.http.HeaderElement: java.lang.String getValue()
org.apache.http.HeaderElement: org.apache.http.NameValuePair[] getParameters()
org.apache.http.HeaderElement: org.apache.http.NameValuePair getParameterByName(java.lang.String)
org.apache.http.HeaderElement: int getParameterCount()
org.apache.http.HeaderElement: org.apache.http.NameValuePair getParameter(int)
org.apache.http.HeaderElementIterator
org.apache.http.HeaderElementIterator: boolean hasNext()
org.apache.http.HeaderElementIterator: org.apache.http.HeaderElement nextElement()
org.apache.http.HeaderIterator
org.apache.http.HeaderIterator: boolean hasNext()
org.apache.http.HeaderIterator: org.apache.http.Header nextHeader()
org.apache.http.HttpClientConnection
org.apache.http.HttpClientConnection: boolean isResponseAvailable(int)
org.apache.http.HttpClientConnection: void sendRequestHeader(org.apache.http.HttpRequest)
org.apache.http.HttpClientConnection: void sendRequestEntity(org.apache.http.HttpEntityEnclosingRequest)
org.apache.http.HttpClientConnection: org.apache.http.HttpResponse receiveResponseHeader()
org.apache.http.HttpClientConnection: void receiveResponseEntity(org.apache.http.HttpResponse)
org.apache.http.HttpClientConnection: void flush()