Launcher3/proguard/mapping.txt
org.apache.http.io.SessionInputBuffer -> org.apache.http.io.SessionInputBuffer:
    int read(byte[],int,int) -> read
    int read(byte[]) -> read
    int read() -> read
    int readLine(org.apache.http.util.CharArrayBuffer) -> readLine
    java.lang.String readLine() -> readLine
    boolean isDataAvailable(int) -> isDataAvailable
    org.apache.http.io.HttpTransportMetrics getMetrics() -> getMetrics
org.apache.http.io.SessionOutputBuffer -> org.apache.http.io.SessionOutputBuffer:
    void write(byte[],int,int) -> write
    void write(byte[]) -> write
    void write(int) -> write
    void writeLine(java.lang.String) -> writeLine
    void writeLine(org.apache.http.util.CharArrayBuffer) -> writeLine
    void flush() -> flush
    org.apache.http.io.HttpTransportMetrics getMetrics() -> getMetrics
org.apache.http.message.AbstractHttpMessage -> org.apache.http.message.AbstractHttpMessage:
    org.apache.http.message.HeaderGroup headergroup -> headergroup
    org.apache.http.params.HttpParams params -> params
    void <init>(org.apache.http.params.HttpParams) -> <init>
    void <init>() -> <init>
    boolean containsHeader(java.lang.String) -> containsHeader
    org.apache.http.Header[] getHeaders(java.lang.String) -> getHeaders
    org.apache.http.Header getFirstHeader(java.lang.String) -> getFirstHeader
    org.apache.http.Header getLastHeader(java.lang.String) -> getLastHeader
    org.apache.http.Header[] getAllHeaders() -> getAllHeaders
    void addHeader(org.apache.http.Header) -> addHeader
    void addHeader(java.lang.String,java.lang.String) -> addHeader
    void setHeader(org.apache.http.Header) -> setHeader
    void setHeader(java.lang.String,java.lang.String) -> setHeader
    void setHeaders(org.apache.http.Header[]) -> setHeaders
    void removeHeader(org.apache.http.Header) -> removeHeader
    void removeHeaders(java.lang.String) -> removeHeaders
    org.apache.http.HeaderIterator headerIterator() -> headerIterator
    org.apache.http.HeaderIterator headerIterator(java.lang.String) -> headerIterator
    org.apache.http.params.HttpParams getParams() -> getParams
    void setParams(org.apache.http.params.HttpParams) -> setParams
org.apache.http.message.BasicHeader -> org.apache.http.message.BasicHeader:
    void <init>(java.lang.String,java.lang.String) -> <init>
    java.lang.String getName() -> getName
    java.lang.String getValue() -> getValue
    java.lang.String toString() -> toString
    org.apache.http.HeaderElement[] getElements() -> getElements
    java.lang.Object clone() -> clone
org.apache.http.message.BasicHeaderElement -> org.apache.http.message.BasicHeaderElement:
    void <init>(java.lang.String,java.lang.String,org.apache.http.NameValuePair[]) -> <init>
    void <init>(java.lang.String,java.lang.String) -> <init>
    java.lang.String getName() -> getName
    java.lang.String getValue() -> getValue
    org.apache.http.NameValuePair[] getParameters() -> getParameters
    int getParameterCount() -> getParameterCount
    org.apache.http.NameValuePair getParameter(int) -> getParameter
    org.apache.http.NameValuePair getParameterByName(java.lang.String) -> getParameterByName
    boolean equals(java.lang.Object) -> equals
    int hashCode() -> hashCode
    java.lang.String toString() -> toString
    java.lang.Object clone() -> clone
org.apache.http.message.BasicHeaderElementIterator -> org.apache.http.message.BasicHeaderElementIterator:
    void <init>(org.apache.http.HeaderIterator,org.apache.http.message.HeaderValueParser) -> <init>
    void <init>(org.apache.http.HeaderIterator) -> <init>
    boolean hasNext() -> hasNext
    org.apache.http.HeaderElement nextElement() -> nextElement
    java.lang.Object next() -> next
    void remove() -> remove