Launcher3/proguard/usage.txt
android.support.v4.widget.ViewDragHelper$2
android.support.v4.widget.ViewDragHelper$Callback
cn.netin.elui.ActivityBridge:
    private static final java.lang.String TAG
cn.netin.elui.DeviceId:
    private static final java.lang.String TAG
    private static final java.lang.String marshmallowMacAddress
    private static final java.lang.String fileAddressMac
cn.netin.elui.Storage:
    private static final java.lang.String TAG
cn.netin.kidsbrowser.DownloadServiceDownloadListener:
    public static final java.lang.String URL_EXTRA
    public static final java.lang.String ACTION_EXTRA
    public static final int ACTION_NONE
    public static final int ACTION_INSTALL
    public static final int ACTION_VIEW
cn.netin.kidsbrowser.HttpClientDownloadListener
cn.netin.kidsbrowser.HttpClientDownloadListener$1
cn.netin.kidsbrowser.HttpClientDownloadListener$DownloaderTask
cn.netin.kidsbrowser.ImageFilePath:
    12:12:public ImageFilePath()
cn.netin.kidsbrowser.Logger
cn.netin.kidsbrowser.MainActivity:
    private static final java.lang.String TAG
    private android.widget.ImageButton mStopButton
cn.netin.kidsbrowser.MainActivity2
cn.netin.kidsbrowser.MainActivity2$1
cn.netin.kidsbrowser.MainActivity2$2
cn.netin.kidsbrowser.MainActivity2$MyWebChromeClient
cn.netin.kidsbrowser.MainActivity2$MyWebViewClient
cn.netin.kidsbrowser.MyWebView:
    private static final java.lang.String TAG
    public static final int INPUT_FILE_REQUEST_CODE
    private static final int FILECHOOSER_RESULTCODE
    41:41:static synthetic void access$8(cn.netin.kidsbrowser.MyWebView,android.webkit.ValueCallback)
cn.netin.kidsbrowser.MyWebView$WebChromeClient:
    200:208:public void openFileChooser(android.webkit.ValueCallback)
    212:220:public void openFileChooser(android.webkit.ValueCallback,java.lang.String)
    224:232:public void openFileChooser(android.webkit.ValueCallback,java.lang.String,java.lang.String)
cn.netin.kidsbrowser.R:
    9:9:public R()
cn.netin.kidsbrowser.R$array
cn.netin.kidsbrowser.R$attr
cn.netin.kidsbrowser.R$dimen
cn.netin.kidsbrowser.R$drawable:
    26:26:public R$drawable()
cn.netin.kidsbrowser.R$id:
    116:116:public R$id()
cn.netin.kidsbrowser.R$layout:
    154:154:public R$layout()
cn.netin.kidsbrowser.R$menu
cn.netin.kidsbrowser.R$string:
    168:168:public R$string()
cn.netin.kidsbrowser.R$style
cn.netin.kidsbrowser.R$styleable
cn.netin.kidsbrowser.UrlAdapter:
    private static final java.lang.String TAG
    118:125:public void select(int)
    128:128:public int getSelected()
    131:133:public void deselect()
cn.netin.kidsbrowser.WebAccessData:
    private static final java.lang.String TAG
    57:63:public int setEnable(int)
    140:143:public int deleteUrl(java.lang.String)
    148:154:public int insertUrl(java.lang.String,java.lang.String)
cn.netin.launcher.AboutActivity:
    13:24:private void setFullScreen()
cn.netin.launcher.AppItem
cn.netin.launcher.Avatar:
    public static final int MEDIA_TYPE_IMAGE
    public static final int MEDIA_TYPE_VIDEO
    private static final java.lang.String TAG
    private static final java.lang.String AVATAR_FILE
    32:32:public Avatar()
    109:115:public static android.graphics.Bitmap getAvatar(android.content.Context,int)
cn.netin.launcher.AvatarActivity:
    private static final int CAPTURE_IMAGE_ACTIVITY_REQUEST_CODE
    private static final int PICK_IMAGE_ACTIVITY_REQUEST_CODE
    private static final java.lang.String TAG
    111:122:private void setFullScreen()
cn.netin.launcher.BlockActivity:
    private static final java.lang.String TAG
cn.netin.launcher.BubbleTextView
cn.netin.launcher.BuildConfig
cn.netin.launcher.CellLayout$CellLayoutParams:
    public boolean isDragging
    boolean dropped